app/build/outputs/logs/manifest-merger-debug-report.txt
-- Merging decision tree log ---
manifest
ADDED from src/main/AndroidManifest.xml:2:1-71:12
	package
		ADDED from src/main/AndroidManifest.xml:3:5-45
		INJECTED from src/main/AndroidManifest.xml
		INJECTED from src/main/AndroidManifest.xml
	android:versionName
		INJECTED from src/main/AndroidManifest.xml
		INJECTED from src/main/AndroidManifest.xml
	xmlns:android
		ADDED from src/main/AndroidManifest.xml:2:11-69
	android:versionCode
		INJECTED from src/main/AndroidManifest.xml
		INJECTED from src/main/AndroidManifest.xml
application
ADDED from src/main/AndroidManifest.xml:5:5-69:19
MERGED from [com.android.support:design:25.3.0] AndroidManifest.xml:29:5-20
MERGED from [com.android.support:appcompat-v7:25.3.0] AndroidManifest.xml:29:5-20
MERGED from [com.android.support:animated-vector-drawable:25.3.0] AndroidManifest.xml:26:5-20
MERGED from [com.android.support:support-vector-drawable:25.3.0] AndroidManifest.xml:26:5-20
MERGED from [com.android.support:transition:25.3.0] AndroidManifest.xml:26:5-20
MERGED from [com.android.support:support-v4:25.3.0] AndroidManifest.xml:29:5-20
MERGED from [com.android.support:support-fragment:25.3.0] AndroidManifest.xml:29:5-20
MERGED from [com.android.support:support-media-compat:25.3.0] AndroidManifest.xml:29:5-20
MERGED from [com.android.support:support-core-ui:25.3.0] AndroidManifest.xml:29:5-20
MERGED from [com.android.support:support-core-utils:25.3.0] AndroidManifest.xml:29:5-20
MERGED from [com.android.support:support-compat:25.3.0] AndroidManifest.xml:29:5-20
	android:label
		ADDED from src/main/AndroidManifest.xml:8:9-41
	android:supportsRtl
		ADDED from src/main/AndroidManifest.xml:10:9-35
	android:roundIcon
		ADDED from src/main/AndroidManifest.xml:9:9-54
	android:allowBackup
		ADDED from src/main/AndroidManifest.xml:6:9-35
	android:icon
		ADDED from src/main/AndroidManifest.xml:7:9-43
	android:theme
		ADDED from src/main/AndroidManifest.xml:11:9-40
activity#mic.unlimited.com.reportingapp.Activity.SplashscreenActivity_
ADDED from src/main/AndroidManifest.xml:12:9-20:20
	android:theme
		ADDED from src/main/AndroidManifest.xml:14:13-63
	android:name
		ADDED from src/main/AndroidManifest.xml:13:13-59
intent-filter#android.intent.action.MAIN+android.intent.category.LAUNCHER
ADDED from src/main/AndroidManifest.xml:15:13-19:29
action#android.intent.action.MAIN
ADDED from src/main/AndroidManifest.xml:16:17-69
	android:name
		ADDED from src/main/AndroidManifest.xml:16:25-66
category#android.intent.category.LAUNCHER
ADDED from src/main/AndroidManifest.xml:18:17-77
	android:name
		ADDED from src/main/AndroidManifest.xml:18:27-74
activity#mic.unlimited.com.reportingapp.Activity.LoginActivity_
ADDED from src/main/AndroidManifest.xml:21:9-23:66
	android:theme
		ADDED from src/main/AndroidManifest.xml:23:13-63
	android:name
		ADDED from src/main/AndroidManifest.xml:22:13-52
activity#mic.unlimited.com.reportingapp.Activity.MainPage_
ADDED from src/main/AndroidManifest.xml:24:9-26:48
	android:label
		ADDED from src/main/AndroidManifest.xml:26:13-45
	android:name
		ADDED from src/main/AndroidManifest.xml:25:13-47
activity#mic.unlimited.com.reportingapp.Phases.ActivityPhases_
ADDED from src/main/AndroidManifest.xml:27:9-29:48
	android:label
		ADDED from src/main/AndroidManifest.xml:29:13-45
	android:name
		ADDED from src/main/AndroidManifest.xml:28:13-51
activity#mic.unlimited.com.reportingapp.Phases.ActivityPhasesAnswer_
ADDED from src/main/AndroidManifest.xml:30:9-66
	android:name
		ADDED from src/main/AndroidManifest.xml:30:19-63
activity#mic.unlimited.com.reportingapp.Phases.Question.PhaseOneQ_
ADDED from src/main/AndroidManifest.xml:31:9-33:42
	android:label
		ADDED from src/main/AndroidManifest.xml:33:13-39
	android:name
		ADDED from src/main/AndroidManifest.xml:32:13-55
activity#mic.unlimited.com.reportingapp.Phases.Question.PhaseTwoQ_
ADDED from src/main/AndroidManifest.xml:34:9-36:42
	android:label
		ADDED from src/main/AndroidManifest.xml:36:13-39
	android:name
		ADDED from src/main/AndroidManifest.xml:35:13-55
activity#mic.unlimited.com.reportingapp.Phases.Question.PhaseThreeQ_
ADDED from src/main/AndroidManifest.xml:37:9-39:42
	android:label
		ADDED from src/main/AndroidManifest.xml:39:13-39
	android:name
		ADDED from src/main/AndroidManifest.xml:38:13-57
activity#mic.unlimited.com.reportingapp.Phases.Question.PhaseFourQ_
ADDED from src/main/AndroidManifest.xml:40:9-42:42
	android:label
		ADDED from src/main/AndroidManifest.xml:42:13-39
	android:name
		ADDED from src/main/AndroidManifest.xml:41:13-56
activity#mic.unlimited.com.reportingapp.Phases.Answer.Phase1A_
ADDED from src/main/AndroidManifest.xml:43:9-60
	android:name
		ADDED from src/main/AndroidManifest.xml:43:19-57
activity#mic.unlimited.com.reportingapp.Phases.Answer.Phase2A_
ADDED from src/main/AndroidManifest.xml:44:9-60
	android:name
		ADDED from src/main/AndroidManifest.xml:44:19-57
activity#mic.unlimited.com.reportingapp.Phases.Answer.Phase3A_
ADDED from src/main/AndroidManifest.xml:45:9-60
	android:name
		ADDED from src/main/AndroidManifest.xml:45:19-57
activity#mic.unlimited.com.reportingapp.Phases.Answer.Phase4A_
ADDED from src/main/AndroidManifest.xml:46:9-60
	android:name
		ADDED from src/main/AndroidManifest.xml:46:19-57
activity#mic.unlimited.com.reportingapp.Events.Events_
ADDED from src/main/AndroidManifest.xml:47:9-82
	android:label
		ADDED from src/main/AndroidManifest.xml:47:50-80
	android:name
		ADDED from src/main/AndroidManifest.xml:47:19-49
activity#mic.unlimited.com.reportingapp.Events.Question.Event1Q_
ADDED from src/main/AndroidManifest.xml:48:9-62
	android:name
		ADDED from src/main/AndroidManifest.xml:48:19-59
activity#mic.unlimited.com.reportingapp.Events.Question.Event2Q_
ADDED from src/main/AndroidManifest.xml:49:9-62
	android:name
		ADDED from src/main/AndroidManifest.xml:49:19-59
activity#mic.unlimited.com.reportingapp.Events.Question.Event3Q_
ADDED from src/main/AndroidManifest.xml:50:9-62
	android:name
		ADDED from src/main/AndroidManifest.xml:50:19-59
activity#mic.unlimited.com.reportingapp.Events.Question.Event4Q_
ADDED from src/main/AndroidManifest.xml:51:9-62
	android:name
		ADDED from src/main/AndroidManifest.xml:51:19-59
activity#mic.unlimited.com.reportingapp.Events.Question.Event5Q_
ADDED from src/main/AndroidManifest.xml:52:9-62
	android:name
		ADDED from src/main/AndroidManifest.xml:52:19-59
activity#mic.unlimited.com.reportingapp.Events.Question.Event6Q_
ADDED from src/main/AndroidManifest.xml:53:9-62
	android:name
		ADDED from src/main/AndroidManifest.xml:53:19-59
activity#mic.unlimited.com.reportingapp.Events.Question.Event7Q_
ADDED from src/main/AndroidManifest.xml:54:9-62
	android:name
		ADDED from src/main/AndroidManifest.xml:54:19-59
activity#mic.unlimited.com.reportingapp.Events.Question.Event8Q_
ADDED from src/main/AndroidManifest.xml:55:9-62
	android:name
		ADDED from src/main/AndroidManifest.xml:55:19-59
activity#mic.unlimited.com.reportingapp.Events.Question.Event9Q_
ADDED from src/main/AndroidManifest.xml:56:9-62
	android:name
		ADDED from src/main/AndroidManifest.xml:56:19-59
activity#mic.unlimited.com.reportingapp.Events.Question.Event10Q_
ADDED from src/main/AndroidManifest.xml:57:9-63
	android:name
		ADDED from src/main/AndroidManifest.xml:57:19-60
activity#mic.unlimited.com.reportingapp.Events.Question.Event11Q_
ADDED from src/main/AndroidManifest.xml:58:9-72
	android:name
		ADDED from src/main/AndroidManifest.xml:58:19-60
activity#mic.unlimited.com.reportingapp.Events.Question.Event12Q_
ADDED from src/main/AndroidManifest.xml:59:9-72
	android:name
		ADDED from src/main/AndroidManifest.xml:59:19-60
activity#mic.unlimited.com.reportingapp.Behavior.SavedBehavior_
ADDED from src/main/AndroidManifest.xml:60:9-60
	android:name
		ADDED from src/main/AndroidManifest.xml:60:19-58
activity#mic.unlimited.com.reportingapp.Behavior.AddBehavior_
ADDED from src/main/AndroidManifest.xml:61:9-58
	android:name
		ADDED from src/main/AndroidManifest.xml:61:19-56
activity#mic.unlimited.com.reportingapp.Phases.Answer.Phase1UserList_
ADDED from src/main/AndroidManifest.xml:63:9-66
	android:name
		ADDED from src/main/AndroidManifest.xml:63:19-64
activity#mic.unlimited.com.reportingapp.Phases.Answer.Phase2UserList_
ADDED from src/main/AndroidManifest.xml:64:9-66
	android:name
		ADDED from src/main/AndroidManifest.xml:64:19-64
activity#mic.unlimited.com.reportingapp.Phases.Answer.Phase3UserList_
ADDED from src/main/AndroidManifest.xml:65:9-66
	android:name
		ADDED from src/main/AndroidManifest.xml:65:19-64
activity#mic.unlimited.com.reportingapp.Phases.Answer.Phase4UserList_
ADDED from src/main/AndroidManifest.xml:66:9-66
	android:name
		ADDED from src/main/AndroidManifest.xml:66:19-64
activity#mic.unlimited.com.reportingapp.Behavior.BehaviorPhase1_
ADDED from src/main/AndroidManifest.xml:68:9-61
	android:name
		ADDED from src/main/AndroidManifest.xml:68:19-59
uses-sdk
INJECTED from src/main/AndroidManifest.xml reason: use-sdk injection requested
MERGED from [io.realm:realm-android-library:2.2.1] AndroidManifest.xml:6:5-8:41
MERGED from [com.getkeepsafe.relinker:relinker:1.2.2] AndroidManifest.xml:7:5-43
MERGED from [com.github.flavienlaurent.datetimepicker:library:0.0.2] AndroidManifest.xml:3:5-72
MERGED from [com.android.support:design:25.3.0] AndroidManifest.xml:21:5-23:62
MERGED from [com.android.support:appcompat-v7:25.3.0] AndroidManifest.xml:21:5-23:78
MERGED from [com.android.support:animated-vector-drawable:25.3.0] AndroidManifest.xml:20:5-44
MERGED from [com.android.support:support-vector-drawable:25.3.0] AndroidManifest.xml:20:5-43
MERGED from [com.android.support:recyclerview-v7:25.3.0] AndroidManifest.xml:20:5-43
MERGED from [com.android.support:transition:25.3.0] AndroidManifest.xml:20:5-44
MERGED from [com.android.support:support-v4:25.3.0] AndroidManifest.xml:21:5-23:54
MERGED from [com.android.support:support-fragment:25.3.0] AndroidManifest.xml:21:5-23:60
MERGED from [com.android.support:support-media-compat:25.3.0] AndroidManifest.xml:21:5-23:63
MERGED from [com.android.support:support-core-ui:25.3.0] AndroidManifest.xml:21:5-23:58
MERGED from [com.android.support:support-core-utils:25.3.0] AndroidManifest.xml:21:5-23:61
MERGED from [com.android.support:support-compat:25.3.0] AndroidManifest.xml:21:5-23:58
	tools:overrideLibrary
		ADDED from [com.android.support:design:25.3.0] AndroidManifest.xml:23:9-59
	android:targetSdkVersion
		INJECTED from src/main/AndroidManifest.xml
		INJECTED from src/main/AndroidManifest.xml
	android:minSdkVersion
		INJECTED from src/main/AndroidManifest.xml
		INJECTED from src/main/AndroidManifest.xml
meta-data#android.support.VERSION
ADDED from [com.android.support:design:25.3.0] AndroidManifest.xml:25:5-27:34
MERGED from [com.android.support:appcompat-v7:25.3.0] AndroidManifest.xml:25:5-27:34
MERGED from [com.android.support:animated-vector-drawable:25.3.0] AndroidManifest.xml:22:5-24:34
MERGED from [com.android.support:support-vector-drawable:25.3.0] AndroidManifest.xml:22:5-24:34
MERGED from [com.android.support:recyclerview-v7:25.3.0] AndroidManifest.xml:22:5-24:34
MERGED from [com.android.support:transition:25.3.0] AndroidManifest.xml:22:5-24:34
MERGED from [com.android.support:support-v4:25.3.0] AndroidManifest.xml:25:5-27:34
MERGED from [com.android.support:support-fragment:25.3.0] AndroidManifest.xml:25:5-27:34
MERGED from [com.android.support:support-media-compat:25.3.0] AndroidManifest.xml:25:5-27:34
MERGED from [com.android.support:support-core-ui:25.3.0] AndroidManifest.xml:25:5-27:34
MERGED from [com.android.support:support-core-utils:25.3.0] AndroidManifest.xml:25:5-27:34
MERGED from [com.android.support:support-compat:25.3.0] AndroidManifest.xml:25:5-27:34
	android:value
		ADDED from [com.android.support:design:25.3.0] AndroidManifest.xml:27:9-31
	android:name
		ADDED from [com.android.support:design:25.3.0] AndroidManifest.xml:26:9-47